2019-12-12 16:33:11 INFO  BrowserFactory:22 - Language of web-site is en
2019-12-12 16:33:11 INFO  BrowserFactory:27 - Chosen browser is chrome
2019-12-12 16:33:14 INFO  Browser:40 - Timeout is 30
2019-12-12 16:33:14 INFO  Browser:30 - Full screen mode is on
2019-12-12 16:33:14 INFO  Browser:35 - Browser closes
2019-12-12 17:09:05 INFO  BrowserFactory:22 - Language of web-site is en
2019-12-12 17:09:05 INFO  BrowserFactory:27 - Chosen browser is chrome
2019-12-12 17:09:06 INFO  Browser:40 - Timeout is 30
2019-12-12 17:09:06 INFO  Browser:30 - Full screen mode is on
2019-12-12 17:09:06 INFO  Browser:35 - Browser closes
2019-12-12 17:09:33 INFO  BrowserFactory:22 - Language of web-site is en
2019-12-12 17:09:33 INFO  BrowserFactory:27 - Chosen browser is chrome
2019-12-12 17:09:34 INFO  Browser:40 - Timeout is 30
2019-12-12 17:09:34 INFO  Browser:30 - Full screen mode is on
2019-12-12 17:09:34 INFO  Browser:35 - Browser closes
2019-12-12 17:10:41 INFO  BrowserFactory:22 - Language of web-site is en
2019-12-12 17:10:41 INFO  BrowserFactory:27 - Chosen browser is chrome
2019-12-12 17:10:42 INFO  Browser:40 - Timeout is 30
2019-12-12 17:10:42 INFO  Browser:30 - Full screen mode is on
2019-12-12 17:10:43 INFO  Browser:35 - Browser closes
2019-12-12 17:35:51 INFO  BrowserFactory:22 - Language of web-site is en
2019-12-12 17:35:51 INFO  BrowserFactory:27 - Chosen browser is chrome
2019-12-12 17:35:52 INFO  Browser:40 - Timeout is 30
2019-12-12 17:35:52 INFO  Browser:30 - Full screen mode is on
2019-12-12 17:35:54 INFO  Browser:35 - Browser closes
2019-12-12 18:22:21 INFO  BrowserFactory:22 - Language of web-site is en
2019-12-12 18:22:21 INFO  BrowserFactory:27 - Chosen browser is chrome
2019-12-12 18:22:22 INFO  Browser:40 - Timeout is 30
2019-12-12 18:22:22 INFO  Browser:30 - Full screen mode is on
2019-12-12 18:22:31 INFO  Browser:35 - Browser closes
2019-12-12 18:22:51 INFO  BrowserFactory:22 - Language of web-site is en
2019-12-12 18:22:51 INFO  BrowserFactory:27 - Chosen browser is chrome
2019-12-12 18:22:52 INFO  Browser:40 - Timeout is 30
2019-12-12 18:22:52 INFO  Browser:30 - Full screen mode is on
2019-12-12 18:30:10 INFO  BrowserFactory:22 - Language of web-site is en
2019-12-12 18:30:10 INFO  BrowserFactory:27 - Chosen browser is chrome
2019-12-12 18:30:11 INFO  Browser:40 - Timeout is 30
2019-12-12 18:30:11 INFO  Browser:30 - Full screen mode is on
2019-12-12 18:32:38 INFO  BrowserFactory:22 - Language of web-site is en
2019-12-12 18:32:38 INFO  BrowserFactory:27 - Chosen browser is chrome
2019-12-12 18:32:39 INFO  Browser:40 - Timeout is 30
2019-12-12 18:32:39 INFO  Browser:30 - Full screen mode is on
2019-12-12 18:32:46 INFO  Browser:35 - Browser closes
2019-12-12 18:39:28 INFO  BrowserFactory:22 - Language of web-site is en
2019-12-12 18:39:28 INFO  BrowserFactory:27 - Chosen browser is chrome
2019-12-12 18:39:29 INFO  Browser:40 - Timeout is 30
2019-12-12 18:39:29 INFO  Browser:30 - Full screen mode is on
2019-12-12 18:39:38 INFO  Browser:35 - Browser closes
2019-12-12 18:40:01 INFO  BrowserFactory:22 - Language of web-site is en
2019-12-12 18:40:01 INFO  BrowserFactory:27 - Chosen browser is chrome
2019-12-12 18:40:02 INFO  Browser:40 - Timeout is 30
2019-12-12 18:40:02 INFO  Browser:30 - Full screen mode is on
2019-12-12 18:40:10 INFO  Browser:35 - Browser closes
2019-12-12 18:41:57 INFO  BrowserFactory:22 - Language of web-site is en
2019-12-12 18:41:57 INFO  BrowserFactory:27 - Chosen browser is chrome
2019-12-12 18:41:58 INFO  Browser:40 - Timeout is 30
2019-12-12 18:41:58 INFO  Browser:30 - Full screen mode is on
2019-12-12 18:42:07 INFO  Browser:35 - Browser closes
